The system is: Linux - 3.5.0-52-generic - i686
Compiling the C compiler identification source file "CMakeCCompilerId.c" succeeded.
Compiler: /usr/bin/gcc 
Build flags: 
Id flags: 

The output was:
0


Compilation of the C compiler identification source "CMakeCCompilerId.c" produced "a.out"

The C compiler identification is GNU, found in "/work/jens/workspace/johnlampcmake/build/CMakeFiles/CompilerIdC/a.out"

Compiling the CXX compiler identification source file "CMakeCXXCompilerId.cpp" succeeded.
Compiler: /usr/bin/c++ 
Build flags: 
Id flags: 

The output was:
0


Compilation of the CXX compiler identification source "CMakeCXXCompilerId.cpp" produced "a.out"

The CXX compiler identification is GNU, found in "/work/jens/workspace/johnlampcmake/build/CMakeFiles/CompilerIdCXX/a.out"

Determining if the C compiler works passed with the following output:
Change Dir: /work/jens/workspace/johnlampcmake/build/CMakeFiles/CMakeTmp

Run Build Command:/usr/bin/make "cmTryCompileExec/fast"
/usr/bin/make -f CMakeFiles/cmTryCompileExec.dir/build.make CMakeFiles/cmTryCompileExec.dir/build
make[1]: Entering directory `/work/jens/workspace/johnlampcmake/build/CMakeFiles/CMakeTmp'
/usr/bin/cmake -E cmake_progress_report /work/jens/workspace/johnlampcmake/build/CMakeFiles/CMakeTmp/CMakeFiles 1
Building C object CMakeFiles/cmTryCompileExec.dir/testCCompiler.c.o
/usr/bin/gcc    -o CMakeFiles/cmTryCompileExec.dir/testCCompiler.c.o   -c /work/jens/workspace/johnlampcmake/build/CMakeFiles/CMakeTmp/testCCompiler.c
Linking C executable cmTryCompileExec
/usr/bin/cmake -E cmake_link_script CMakeFiles/cmTryCompileExec.dir/link.txt --verbose=1
/usr/bin/gcc         CMakeFiles/cmTryCompileExec.dir/testCCompiler.c.o  -o cmTryCompileExec -rdynamic 
make[1]: Leaving directory `/work/jens/workspace/johnlampcmake/build/CMakeFiles/CMakeTmp'


Detecting C compiler ABI info compiled with the following output:
Change Dir: /work/jens/workspace/johnlampcmake/build/CMakeFiles/CMakeTmp

Run Build Command:/usr/bin/make "cmTryCompileExec/fast"
/usr/bin/make -f CMakeFiles/cmTryCompileExec.dir/build.make CMakeFiles/cmTryCompileExec.dir/build
make[1]: Entering directory `/work/jens/workspace/johnlampcmake/build/CMakeFiles/CMakeTmp'
/usr/bin/cmake -E cmake_progress_report /work/jens/workspace/johnlampcmake/build/CMakeFiles/CMakeTmp/CMakeFiles 1
Building C object CMakeFiles/cmTryCompileExec.dir/CMakeCCompilerABI.c.o
/usr/bin/gcc    -o CMakeFiles/cmTryCompileExec.dir/CMakeCCompilerABI.c.o   -c /usr/share/cmake-2.8/Modules/CMakeCCompilerABI.c
Linking C executable cmTryCompileExec
/usr/bin/cmake -E cmake_link_script CMakeFiles/cmTryCompileExec.dir/link.txt --verbose=1
/usr/bin/gcc       -v CMakeFiles/cmTryCompileExec.dir/CMakeCCompilerABI.c.o  -o cmTryCompileExec -rdynamic  
Using built-in specs.
COLLECT_GCC=/usr/bin/gcc
COLLECT_LTO_WRAPPER=/work/tools/gcc/4.9.1/libexec/gcc/i686-pc-linux-gnu/4.9.1/lto-wrapper
Target: i686-pc-linux-gnu
Configured with: ../gcc-4.9.1-src/configure --prefix=/work/tools/gcc/4.9.1 --enable-languages=c,c++
Thread model: posix
gcc version 4.9.1 (GCC) 
COMPILER_PATH=/work/tools/gcc/4.9.1/libexec/gcc/i686-pc-linux-gnu/4.9.1/:/work/tools/gcc/4.9.1/libexec/gcc/i686-pc-linux-gnu/4.9.1/:/work/tools/gcc/4.9.1/libexec/gcc/i686-pc-linux-gnu/:/work/tools/gcc/4.9.1/lib/gcc/i686-pc-linux-gnu/4.9.1/:/work/tools/gcc/4.9.1/lib/gcc/i686-pc-linux-gnu/
LIBRARY_PATH=/work/tools/gcc/4.9.1/lib/gcc/i686-pc-linux-gnu/4.9.1/:/work/tools/gcc/4.9.1/lib/gcc/i686-pc-linux-gnu/4.9.1/../../../:/lib/i386-linux-gnu/:/lib/:/usr/lib/i386-linux-gnu/:/usr/lib/
COLLECT_GCC_OPTIONS='-v' '-o' 'cmTryCompileExec' '-rdynamic' '-mtune=generic' '-march=pentiumpro'
 /work/tools/gcc/4.9.1/libexec/gcc/i686-pc-linux-gnu/4.9.1/collect2 -plugin /work/tools/gcc/4.9.1/libexec/gcc/i686-pc-linux-gnu/4.9.1/liblto_plugin.so -plugin-opt=/work/tools/gcc/4.9.1/libexec/gcc/i686-pc-linux-gnu/4.9.1/lto-wrapper -plugin-opt=-fresolution=/tmp/ccndjry1.res -plugin-opt=-pass-through=-lgcc -plugin-opt=-pass-through=-lgcc_s -plugin-opt=-pass-through=-lc -plugin-opt=-pass-through=-lgcc -plugin-opt=-pass-through=-lgcc_s --eh-frame-hdr -m elf_i386 -export-dynamic -dynamic-linker /lib/ld-linux.so.2 -o cmTryCompileExec /usr/lib/i386-linux-gnu/crt1.o /usr/lib/i386-linux-gnu/crti.o /work/tools/gcc/4.9.1/lib/gcc/i686-pc-linux-gnu/4.9.1/crtbegin.o -L/work/tools/gcc/4.9.1/lib/gcc/i686-pc-linux-gnu/4.9.1 -L/work/tools/gcc/4.9.1/lib/gcc/i686-pc-linux-gnu/4.9.1/../../.. -L/lib/i386-linux-gnu -L/usr/lib/i386-linux-gnu CMakeFiles/cmTryCompileExec.dir/CMakeCCompilerABI.c.o -lgcc --as-needed -lgcc_s --no-as-needed -lc -lgcc --as-needed -lgcc_s --no-as-needed /work/tools/gcc/4.9.1/lib/gcc/i686-pc-linux-gnu/4.9.1/crtend.o /usr/lib/i386-linux-gnu/crtn.o
make[1]: Leaving directory `/work/jens/workspace/johnlampcmake/build/CMakeFiles/CMakeTmp'


Parsed C implicit link information from above output:
  link line regex: [^( *|.*[/\])(ld|ld|collect2)[^/\]*( |$)]
  ignore line: [Change Dir: /work/jens/workspace/johnlampcmake/build/CMakeFiles/CMakeTmp]
  ignore line: []
  ignore line: [Run Build Command:/usr/bin/make "cmTryCompileExec/fast"]
  ignore line: [/usr/bin/make -f CMakeFiles/cmTryCompileExec.dir/build.make CMakeFiles/cmTryCompileExec.dir/build]
  ignore line: [make[1]: Entering directory `/work/jens/workspace/johnlampcmake/build/CMakeFiles/CMakeTmp']
  ignore line: [/usr/bin/cmake -E cmake_progress_report /work/jens/workspace/johnlampcmake/build/CMakeFiles/CMakeTmp/CMakeFiles 1]
  ignore line: [Building C object CMakeFiles/cmTryCompileExec.dir/CMakeCCompilerABI.c.o]
  ignore line: [/usr/bin/gcc    -o CMakeFiles/cmTryCompileExec.dir/CMakeCCompilerABI.c.o   -c /usr/share/cmake-2.8/Modules/CMakeCCompilerABI.c]
  ignore line: [Linking C executable cmTryCompileExec]
  ignore line: [/usr/bin/cmake -E cmake_link_script CMakeFiles/cmTryCompileExec.dir/link.txt --verbose=1]
  ignore line: [/usr/bin/gcc       -v CMakeFiles/cmTryCompileExec.dir/CMakeCCompilerABI.c.o  -o cmTryCompileExec -rdynamic  ]
  ignore line: [Using built-in specs.]
  ignore line: [COLLECT_GCC=/usr/bin/gcc]
  ignore line: [COLLECT_LTO_WRAPPER=/work/tools/gcc/4.9.1/libexec/gcc/i686-pc-linux-gnu/4.9.1/lto-wrapper]
  ignore line: [Target: i686-pc-linux-gnu]
  ignore line: [Configured with: ../gcc-4.9.1-src/configure --prefix=/work/tools/gcc/4.9.1 --enable-languages=c,c++]
  ignore line: [Thread model: posix]
  ignore line: [gcc version 4.9.1 (GCC) ]
  ignore line: [COMPILER_PATH=/work/tools/gcc/4.9.1/libexec/gcc/i686-pc-linux-gnu/4.9.1/:/work/tools/gcc/4.9.1/libexec/gcc/i686-pc-linux-gnu/4.9.1/:/work/tools/gcc/4.9.1/libexec/gcc/i686-pc-linux-gnu/:/work/tools/gcc/4.9.1/lib/gcc/i686-pc-linux-gnu/4.9.1/:/work/tools/gcc/4.9.1/lib/gcc/i686-pc-linux-gnu/]
  ignore line: [LIBRARY_PATH=/work/tools/gcc/4.9.1/lib/gcc/i686-pc-linux-gnu/4.9.1/:/work/tools/gcc/4.9.1/lib/gcc/i686-pc-linux-gnu/4.9.1/../../../:/lib/i386-linux-gnu/:/lib/:/usr/lib/i386-linux-gnu/:/usr/lib/]
  ignore line: [COLLECT_GCC_OPTIONS='-v' '-o' 'cmTryCompileExec' '-rdynamic' '-mtune=generic' '-march=pentiumpro']
  link line: [ /work/tools/gcc/4.9.1/libexec/gcc/i686-pc-linux-gnu/4.9.1/collect2 -plugin /work/tools/gcc/4.9.1/libexec/gcc/i686-pc-linux-gnu/4.9.1/liblto_plugin.so -plugin-opt=/work/tools/gcc/4.9.1/libexec/gcc/i686-pc-linux-gnu/4.9.1/lto-wrapper -plugin-opt=-fresolution=/tmp/ccndjry1.res -plugin-opt=-pass-through=-lgcc -plugin-opt=-pass-through=-lgcc_s -plugin-opt=-pass-through=-lc -plugin-opt=-pass-through=-lgcc -plugin-opt=-pass-through=-lgcc_s --eh-frame-hdr -m elf_i386 -export-dynamic -dynamic-linker /lib/ld-linux.so.2 -o cmTryCompileExec /usr/lib/i386-linux-gnu/crt1.o /usr/lib/i386-linux-gnu/crti.o /work/tools/gcc/4.9.1/lib/gcc/i686-pc-linux-gnu/4.9.1/crtbegin.o -L/work/tools/gcc/4.9.1/lib/gcc/i686-pc-linux-gnu/4.9.1 -L/work/tools/gcc/4.9.1/lib/gcc/i686-pc-linux-gnu/4.9.1/../../.. -L/lib/i386-linux-gnu -L/usr/lib/i386-linux-gnu CMakeFiles/cmTryCompileExec.dir/CMakeCCompilerABI.c.o -lgcc --as-needed -lgcc_s --no-as-needed -lc -lgcc --as-needed -lgcc_s --no-as-needed /work/tools/gcc/4.9.1/lib/gcc/i686-pc-linux-gnu/4.9.1/crtend.o /usr/lib/i386-linux-gnu/crtn.o]
    arg [/work/tools/gcc/4.9.1/libexec/gcc/i686-pc-linux-gnu/4.9.1/collect2] ==> ignore
    arg [-plugin] ==> ignore
    arg [/work/tools/gcc/4.9.1/libexec/gcc/i686-pc-linux-gnu/4.9.1/liblto_plugin.so] ==> ignore
    arg [-plugin-opt=/work/tools/gcc/4.9.1/libexec/gcc/i686-pc-linux-gnu/4.9.1/lto-wrapper] ==> ignore
    arg [-plugin-opt=-fresolution=/tmp/ccndjry1.res] ==> ignore
    arg [-plugin-opt=-pass-through=-lgcc] ==> ignore
    arg [-plugin-opt=-pass-through=-lgcc_s] ==> ignore
    arg [-plugin-opt=-pass-through=-lc] ==> ignore
    arg [-plugin-opt=-pass-through=-lgcc] ==> ignore
    arg [-plugin-opt=-pass-through=-lgcc_s] ==> ignore
    arg [--eh-frame-hdr] ==> ignore
    arg [-m] ==> ignore
    arg [elf_i386] ==> ignore
    arg [-export-dynamic] ==> ignore
    arg [-dynamic-linker] ==> ignore
    arg [/lib/ld-linux.so.2] ==> ignore
    arg [-o] ==> ignore
    arg [cmTryCompileExec] ==> ignore
    arg [/usr/lib/i386-linux-gnu/crt1.o] ==> ignore
    arg [/usr/lib/i386-linux-gnu/crti.o] ==> ignore
    arg [/work/tools/gcc/4.9.1/lib/gcc/i686-pc-linux-gnu/4.9.1/crtbegin.o] ==> ignore
    arg [-L/work/tools/gcc/4.9.1/lib/gcc/i686-pc-linux-gnu/4.9.1] ==> dir [/work/tools/gcc/4.9.1/lib/gcc/i686-pc-linux-gnu/4.9.1]
    arg [-L/work/tools/gcc/4.9.1/lib/gcc/i686-pc-linux-gnu/4.9.1/../../..] ==> dir [/work/tools/gcc/4.9.1/lib/gcc/i686-pc-linux-gnu/4.9.1/../../..]
    arg [-L/lib/i386-linux-gnu] ==> dir [/lib/i386-linux-gnu]
    arg [-L/usr/lib/i386-linux-gnu] ==> dir [/usr/lib/i386-linux-gnu]
    arg [CMakeFiles/cmTryCompileExec.dir/CMakeCCompilerABI.c.o] ==> ignore
    arg [-lgcc] ==> lib [gcc]
    arg [--as-needed] ==> ignore
    arg [-lgcc_s] ==> lib [gcc_s]
    arg [--no-as-needed] ==> ignore
    arg [-lc] ==> lib [c]
    arg [-lgcc] ==> lib [gcc]
    arg [--as-needed] ==> ignore
    arg [-lgcc_s] ==> lib [gcc_s]
    arg [--no-as-needed] ==> ignore
    arg [/work/tools/gcc/4.9.1/lib/gcc/i686-pc-linux-gnu/4.9.1/crtend.o] ==> ignore
    arg [/usr/lib/i386-linux-gnu/crtn.o] ==> ignore
  remove lib [gcc]
  remove lib [gcc_s]
  remove lib [gcc]
  remove lib [gcc_s]
  collapse dir [/work/tools/gcc/4.9.1/lib/gcc/i686-pc-linux-gnu/4.9.1] ==> [/work/tools/gcc/4.9.1/lib/gcc/i686-pc-linux-gnu/4.9.1]
  collapse dir [/work/tools/gcc/4.9.1/lib/gcc/i686-pc-linux-gnu/4.9.1/../../..] ==> [/work/tools/gcc/4.9.1/lib]
  collapse dir [/lib/i386-linux-gnu] ==> [/lib/i386-linux-gnu]
  collapse dir [/usr/lib/i386-linux-gnu] ==> [/usr/lib/i386-linux-gnu]
  implicit libs: [c]
  implicit dirs: [/work/tools/gcc/4.9.1/lib/gcc/i686-pc-linux-gnu/4.9.1;/work/tools/gcc/4.9.1/lib;/lib/i386-linux-gnu;/usr/lib/i386-linux-gnu]


Determining if the CXX compiler works passed with the following output:
Change Dir: /work/jens/workspace/johnlampcmake/build/CMakeFiles/CMakeTmp

Run Build Command:/usr/bin/make "cmTryCompileExec/fast"
/usr/bin/make -f CMakeFiles/cmTryCompileExec.dir/build.make CMakeFiles/cmTryCompileExec.dir/build
make[1]: Entering directory `/work/jens/workspace/johnlampcmake/build/CMakeFiles/CMakeTmp'
/usr/bin/cmake -E cmake_progress_report /work/jens/workspace/johnlampcmake/build/CMakeFiles/CMakeTmp/CMakeFiles 1
Building CXX object CMakeFiles/cmTryCompileExec.dir/testCXXCompiler.cxx.o
/usr/bin/c++     -o CMakeFiles/cmTryCompileExec.dir/testCXXCompiler.cxx.o -c /work/jens/workspace/johnlampcmake/build/CMakeFiles/CMakeTmp/testCXXCompiler.cxx
Linking CXX executable cmTryCompileExec
/usr/bin/cmake -E cmake_link_script CMakeFiles/cmTryCompileExec.dir/link.txt --verbose=1
/usr/bin/c++          CMakeFiles/cmTryCompileExec.dir/testCXXCompiler.cxx.o  -o cmTryCompileExec -rdynamic 
make[1]: Leaving directory `/work/jens/workspace/johnlampcmake/build/CMakeFiles/CMakeTmp'


Detecting CXX compiler ABI info compiled with the following output:
Change Dir: /work/jens/workspace/johnlampcmake/build/CMakeFiles/CMakeTmp

Run Build Command:/usr/bin/make "cmTryCompileExec/fast"
/usr/bin/make -f CMakeFiles/cmTryCompileExec.dir/build.make CMakeFiles/cmTryCompileExec.dir/build
make[1]: Entering directory `/work/jens/workspace/johnlampcmake/build/CMakeFiles/CMakeTmp'
/usr/bin/cmake -E cmake_progress_report /work/jens/workspace/johnlampcmake/build/CMakeFiles/CMakeTmp/CMakeFiles 1
Building CXX object CMakeFiles/cmTryCompileExec.dir/CMakeCXXCompilerABI.cpp.o
/usr/bin/c++     -o CMakeFiles/cmTryCompileExec.dir/CMakeCXXCompilerABI.cpp.o -c /usr/share/cmake-2.8/Modules/CMakeCXXCompilerABI.cpp
Linking CXX executable cmTryCompileExec
/usr/bin/cmake -E cmake_link_script CMakeFiles/cmTryCompileExec.dir/link.txt --verbose=1
/usr/bin/c++        -v CMakeFiles/cmTryCompileExec.dir/CMakeCXXCompilerABI.cpp.o  -o cmTryCompileExec -rdynamic  
Using built-in specs.
COLLECT_GCC=/usr/bin/c++
COLLECT_LTO_WRAPPER=/work/tools/gcc/4.9.1/libexec/gcc/i686-pc-linux-gnu/4.9.1/lto-wrapper
Target: i686-pc-linux-gnu
Configured with: ../gcc-4.9.1-src/configure --prefix=/work/tools/gcc/4.9.1 --enable-languages=c,c++
Thread model: posix
gcc version 4.9.1 (GCC) 
COMPILER_PATH=/work/tools/gcc/4.9.1/libexec/gcc/i686-pc-linux-gnu/4.9.1/:/work/tools/gcc/4.9.1/libexec/gcc/i686-pc-linux-gnu/4.9.1/:/work/tools/gcc/4.9.1/libexec/gcc/i686-pc-linux-gnu/:/work/tools/gcc/4.9.1/lib/gcc/i686-pc-linux-gnu/4.9.1/:/work/tools/gcc/4.9.1/lib/gcc/i686-pc-linux-gnu/
LIBRARY_PATH=/work/tools/gcc/4.9.1/lib/gcc/i686-pc-linux-gnu/4.9.1/:/work/tools/gcc/4.9.1/lib/gcc/i686-pc-linux-gnu/4.9.1/../../../:/lib/i386-linux-gnu/:/lib/:/usr/lib/i386-linux-gnu/:/usr/lib/
COLLECT_GCC_OPTIONS='-v' '-o' 'cmTryCompileExec' '-rdynamic' '-shared-libgcc' '-mtune=generic' '-march=pentiumpro'
 /work/tools/gcc/4.9.1/libexec/gcc/i686-pc-linux-gnu/4.9.1/collect2 -plugin /work/tools/gcc/4.9.1/libexec/gcc/i686-pc-linux-gnu/4.9.1/liblto_plugin.so -plugin-opt=/work/tools/gcc/4.9.1/libexec/gcc/i686-pc-linux-gnu/4.9.1/lto-wrapper -plugin-opt=-fresolution=/tmp/cc8uRVoa.res -plugin-opt=-pass-through=-lgcc_s -plugin-opt=-pass-through=-lgcc -plugin-opt=-pass-through=-lc -plugin-opt=-pass-through=-lgcc_s -plugin-opt=-pass-through=-lgcc --eh-frame-hdr -m elf_i386 -export-dynamic -dynamic-linker /lib/ld-linux.so.2 -o cmTryCompileExec /usr/lib/i386-linux-gnu/crt1.o /usr/lib/i386-linux-gnu/crti.o /work/tools/gcc/4.9.1/lib/gcc/i686-pc-linux-gnu/4.9.1/crtbegin.o -L/work/tools/gcc/4.9.1/lib/gcc/i686-pc-linux-gnu/4.9.1 -L/work/tools/gcc/4.9.1/lib/gcc/i686-pc-linux-gnu/4.9.1/../../.. -L/lib/i386-linux-gnu -L/usr/lib/i386-linux-gnu CMakeFiles/cmTryCompileExec.dir/CMakeCXXCompilerABI.cpp.o -lstdc++ -lm -lgcc_s -lgcc -lc -lgcc_s -lgcc /work/tools/gcc/4.9.1/lib/gcc/i686-pc-linux-gnu/4.9.1/crtend.o /usr/lib/i386-linux-gnu/crtn.o
make[1]: Leaving directory `/work/jens/workspace/johnlampcmake/build/CMakeFiles/CMakeTmp'


Parsed CXX implicit link information from above output:
  link line regex: [^( *|.*[/\])(ld|ld|collect2)[^/\]*( |$)]
  ignore line: [Change Dir: /work/jens/workspace/johnlampcmake/build/CMakeFiles/CMakeTmp]
  ignore line: []
  ignore line: [Run Build Command:/usr/bin/make "cmTryCompileExec/fast"]
  ignore line: [/usr/bin/make -f CMakeFiles/cmTryCompileExec.dir/build.make CMakeFiles/cmTryCompileExec.dir/build]
  ignore line: [make[1]: Entering directory `/work/jens/workspace/johnlampcmake/build/CMakeFiles/CMakeTmp']
  ignore line: [/usr/bin/cmake -E cmake_progress_report /work/jens/workspace/johnlampcmake/build/CMakeFiles/CMakeTmp/CMakeFiles 1]
  ignore line: [Building CXX object CMakeFiles/cmTryCompileExec.dir/CMakeCXXCompilerABI.cpp.o]
  ignore line: [/usr/bin/c++     -o CMakeFiles/cmTryCompileExec.dir/CMakeCXXCompilerABI.cpp.o -c /usr/share/cmake-2.8/Modules/CMakeCXXCompilerABI.cpp]
  ignore line: [Linking CXX executable cmTryCompileExec]
  ignore line: [/usr/bin/cmake -E cmake_link_script CMakeFiles/cmTryCompileExec.dir/link.txt --verbose=1]
  ignore line: [/usr/bin/c++        -v CMakeFiles/cmTryCompileExec.dir/CMakeCXXCompilerABI.cpp.o  -o cmTryCompileExec -rdynamic  ]
  ignore line: [Using built-in specs.]
  ignore line: [COLLECT_GCC=/usr/bin/c++]
  ignore line: [COLLECT_LTO_WRAPPER=/work/tools/gcc/4.9.1/libexec/gcc/i686-pc-linux-gnu/4.9.1/lto-wrapper]
  ignore line: [Target: i686-pc-linux-gnu]
  ignore line: [Configured with: ../gcc-4.9.1-src/configure --prefix=/work/tools/gcc/4.9.1 --enable-languages=c,c++]
  ignore line: [Thread model: posix]
  ignore line: [gcc version 4.9.1 (GCC) ]
  ignore line: [COMPILER_PATH=/work/tools/gcc/4.9.1/libexec/gcc/i686-pc-linux-gnu/4.9.1/:/work/tools/gcc/4.9.1/libexec/gcc/i686-pc-linux-gnu/4.9.1/:/work/tools/gcc/4.9.1/libexec/gcc/i686-pc-linux-gnu/:/work/tools/gcc/4.9.1/lib/gcc/i686-pc-linux-gnu/4.9.1/:/work/tools/gcc/4.9.1/lib/gcc/i686-pc-linux-gnu/]
  ignore line: [LIBRARY_PATH=/work/tools/gcc/4.9.1/lib/gcc/i686-pc-linux-gnu/4.9.1/:/work/tools/gcc/4.9.1/lib/gcc/i686-pc-linux-gnu/4.9.1/../../../:/lib/i386-linux-gnu/:/lib/:/usr/lib/i386-linux-gnu/:/usr/lib/]
  ignore line: [COLLECT_GCC_OPTIONS='-v' '-o' 'cmTryCompileExec' '-rdynamic' '-shared-libgcc' '-mtune=generic' '-march=pentiumpro']
  link line: [ /work/tools/gcc/4.9.1/libexec/gcc/i686-pc-linux-gnu/4.9.1/collect2 -plugin /work/tools/gcc/4.9.1/libexec/gcc/i686-pc-linux-gnu/4.9.1/liblto_plugin.so -plugin-opt=/work/tools/gcc/4.9.1/libexec/gcc/i686-pc-linux-gnu/4.9.1/lto-wrapper -plugin-opt=-fresolution=/tmp/cc8uRVoa.res -plugin-opt=-pass-through=-lgcc_s -plugin-opt=-pass-through=-lgcc -plugin-opt=-pass-through=-lc -plugin-opt=-pass-through=-lgcc_s -plugin-opt=-pass-through=-lgcc --eh-frame-hdr -m elf_i386 -export-dynamic -dynamic-linker /lib/ld-linux.so.2 -o cmTryCompileExec /usr/lib/i386-linux-gnu/crt1.o /usr/lib/i386-linux-gnu/crti.o /work/tools/gcc/4.9.1/lib/gcc/i686-pc-linux-gnu/4.9.1/crtbegin.o -L/work/tools/gcc/4.9.1/lib/gcc/i686-pc-linux-gnu/4.9.1 -L/work/tools/gcc/4.9.1/lib/gcc/i686-pc-linux-gnu/4.9.1/../../.. -L/lib/i386-linux-gnu -L/usr/lib/i386-linux-gnu CMakeFiles/cmTryCompileExec.dir/CMakeCXXCompilerABI.cpp.o -lstdc++ -lm -lgcc_s -lgcc -lc -lgcc_s -lgcc /work/tools/gcc/4.9.1/lib/gcc/i686-pc-linux-gnu/4.9.1/crtend.o /usr/lib/i386-linux-gnu/crtn.o]
    arg [/work/tools/gcc/4.9.1/libexec/gcc/i686-pc-linux-gnu/4.9.1/collect2] ==> ignore
    arg [-plugin] ==> ignore
    arg [/work/tools/gcc/4.9.1/libexec/gcc/i686-pc-linux-gnu/4.9.1/liblto_plugin.so] ==> ignore
    arg [-plugin-opt=/work/tools/gcc/4.9.1/libexec/gcc/i686-pc-linux-gnu/4.9.1/lto-wrapper] ==> ignore
    arg [-plugin-opt=-fresolution=/tmp/cc8uRVoa.res] ==> ignore
    arg [-plugin-opt=-pass-through=-lgcc_s] ==> ignore
    arg [-plugin-opt=-pass-through=-lgcc] ==> ignore
    arg [-plugin-opt=-pass-through=-lc] ==> ignore
    arg [-plugin-opt=-pass-through=-lgcc_s] ==> ignore
    arg [-plugin-opt=-pass-through=-lgcc] ==> ignore
    arg [--eh-frame-hdr] ==> ignore
    arg [-m] ==> ignore
    arg [elf_i386] ==> ignore
    arg [-export-dynamic] ==> ignore
    arg [-dynamic-linker] ==> ignore
    arg [/lib/ld-linux.so.2] ==> ignore
    arg [-o] ==> ignore
    arg [cmTryCompileExec] ==> ignore
    arg [/usr/lib/i386-linux-gnu/crt1.o] ==> ignore
    arg [/usr/lib/i386-linux-gnu/crti.o] ==> ignore
    arg [/work/tools/gcc/4.9.1/lib/gcc/i686-pc-linux-gnu/4.9.1/crtbegin.o] ==> ignore
    arg [-L/work/tools/gcc/4.9.1/lib/gcc/i686-pc-linux-gnu/4.9.1] ==> dir [/work/tools/gcc/4.9.1/lib/gcc/i686-pc-linux-gnu/4.9.1]
    arg [-L/work/tools/gcc/4.9.1/lib/gcc/i686-pc-linux-gnu/4.9.1/../../..] ==> dir [/work/tools/gcc/4.9.1/lib/gcc/i686-pc-linux-gnu/4.9.1/../../..]
    arg [-L/lib/i386-linux-gnu] ==> dir [/lib/i386-linux-gnu]
    arg [-L/usr/lib/i386-linux-gnu] ==> dir [/usr/lib/i386-linux-gnu]
    arg [CMakeFiles/cmTryCompileExec.dir/CMakeCXXCompilerABI.cpp.o] ==> ignore
    arg [-lstdc++] ==> lib [stdc++]
    arg [-lm] ==> lib [m]
    arg [-lgcc_s] ==> lib [gcc_s]
    arg [-lgcc] ==> lib [gcc]
    arg [-lc] ==> lib [c]
    arg [-lgcc_s] ==> lib [gcc_s]
    arg [-lgcc] ==> lib [gcc]
    arg [/work/tools/gcc/4.9.1/lib/gcc/i686-pc-linux-gnu/4.9.1/crtend.o] ==> ignore
    arg [/usr/lib/i386-linux-gnu/crtn.o] ==> ignore
  remove lib [gcc_s]
  remove lib [gcc]
  remove lib [gcc_s]
  remove lib [gcc]
  collapse dir [/work/tools/gcc/4.9.1/lib/gcc/i686-pc-linux-gnu/4.9.1] ==> [/work/tools/gcc/4.9.1/lib/gcc/i686-pc-linux-gnu/4.9.1]
  collapse dir [/work/tools/gcc/4.9.1/lib/gcc/i686-pc-linux-gnu/4.9.1/../../..] ==> [/work/tools/gcc/4.9.1/lib]
  collapse dir [/lib/i386-linux-gnu] ==> [/lib/i386-linux-gnu]
  collapse dir [/usr/lib/i386-linux-gnu] ==> [/usr/lib/i386-linux-gnu]
  implicit libs: [stdc++;m;c]
  implicit dirs: [/work/tools/gcc/4.9.1/lib/gcc/i686-pc-linux-gnu/4.9.1;/work/tools/gcc/4.9.1/lib;/lib/i386-linux-gnu;/usr/lib/i386-linux-gnu]


Determining if files pthread.h exist passed with the following output:
Change Dir: /work/jens/workspace/johnlampcmake/build/CMakeFiles/CMakeTmp

Run Build Command:/usr/bin/make "cmTryCompileExec/fast"
/usr/bin/make -f CMakeFiles/cmTryCompileExec.dir/build.make CMakeFiles/cmTryCompileExec.dir/build
make[1]: Entering directory `/work/jens/workspace/johnlampcmake/build/CMakeFiles/CMakeTmp'
/usr/bin/cmake -E cmake_progress_report /work/jens/workspace/johnlampcmake/build/CMakeFiles/CMakeTmp/CMakeFiles 1
Building C object CMakeFiles/cmTryCompileExec.dir/CheckIncludeFiles.c.o
/usr/bin/gcc   -Wall -Wextra -Werror     -o CMakeFiles/cmTryCompileExec.dir/CheckIncludeFiles.c.o   -c /work/jens/workspace/johnlampcmake/build/CMakeFiles/CMakeTmp/CheckIncludeFiles.c
Linking C executable cmTryCompileExec
/usr/bin/cmake -E cmake_link_script CMakeFiles/cmTryCompileExec.dir/link.txt --verbose=1
/usr/bin/gcc   -Wall -Wextra -Werror      CMakeFiles/cmTryCompileExec.dir/CheckIncludeFiles.c.o  -o cmTryCompileExec -rdynamic 
make[1]: Leaving directory `/work/jens/workspace/johnlampcmake/build/CMakeFiles/CMakeTmp'


Determining if the function pthread_create exists in the pthread passed with the following output:
Change Dir: /work/jens/workspace/johnlampcmake/build/CMakeFiles/CMakeTmp

Run Build Command:/usr/bin/make "cmTryCompileExec/fast"
/usr/bin/make -f CMakeFiles/cmTryCompileExec.dir/build.make CMakeFiles/cmTryCompileExec.dir/build
make[1]: Entering directory `/work/jens/workspace/johnlampcmake/build/CMakeFiles/CMakeTmp'
/usr/bin/cmake -E cmake_progress_report /work/jens/workspace/johnlampcmake/build/CMakeFiles/CMakeTmp/CMakeFiles 1
Building C object CMakeFiles/cmTryCompileExec.dir/CheckFunctionExists.c.o
/usr/bin/gcc   -Wall -Wextra -Werror  -DCHECK_FUNCTION_EXISTS=pthread_create   -o CMakeFiles/cmTryCompileExec.dir/CheckFunctionExists.c.o   -c /usr/share/cmake-2.8/Modules/CheckFunctionExists.c
Linking C executable cmTryCompileExec
/usr/bin/cmake -E cmake_link_script CMakeFiles/cmTryCompileExec.dir/link.txt --verbose=1
/usr/bin/gcc   -Wall -Wextra -Werror  -DCHECK_FUNCTION_EXISTS=pthread_create    CMakeFiles/cmTryCompileExec.dir/CheckFunctionExists.c.o  -o cmTryCompileExec -rdynamic -lpthread 
make[1]: Leaving directory `/work/jens/workspace/johnlampcmake/build/CMakeFiles/CMakeTmp'


